2025-01-17 13:05:36 [INFO ] [restartedMain] sPropertyDefaultsPostProcessor: Devtools property defaults active! Set 'spring.devtools.add-properties' to 'false' to disable
2025-01-17 13:05:36 [INFO ] [restartedMain] sPropertyDefaultsPostProcessor: For additional web related logging consider setting the 'logging.level.web' property to 'DEBUG'
2025-01-17 13:05:37 [INFO ] [restartedMain] epositoryConfigurationDelegate: Bootstrapping Spring Data JPA repositories in DEFAULT mode.
2025-01-17 13:05:37 [INFO ] [restartedMain] epositoryConfigurationDelegate: Finished Spring Data repository scanning in 18 ms. Found 4 JPA repository interfaces.
2025-01-17 13:05:37 [INFO ] [restartedMain] mbedded.tomcat.TomcatWebServer: Tomcat initialized with port 8080 (http)
2025-01-17 13:05:37 [INFO ] [restartedMain] letWebServerApplicationContext: Root WebApplicationContext: initialization completed in 628 ms
2025-01-17 13:05:37 [INFO ] [restartedMain] unit.SpringPersistenceUnitInfo: No LoadTimeWeaver setup: ignoring JPA class transformer
2025-01-17 13:05:38 [INFO ] [restartedMain] tainerEntityManagerFactoryBean: Initialized JPA EntityManagerFactory for persistence unit 'default'
2025-01-17 13:05:38 [INFO ] [restartedMain] oint.web.EndpointLinksResolver: Exposing 7 endpoints beneath base path '/actuator'
2025-01-17 13:05:38 [INFO ] [restartedMain] igure.OptionalLiveReloadServer: LiveReload server is running on port 35729
2025-01-17 13:05:38 [INFO ] [restartedMain] mbedded.tomcat.TomcatWebServer: Tomcat started on port 8080 (http) with context path '/'
2025-01-17 13:05:42 [INFO ] [http-nio-8080-exec-1] .web.servlet.DispatcherServlet: Initializing Servlet 'dispatcherServlet'
2025-01-17 13:05:42 [INFO ] [http-nio-8080-exec-1] .web.servlet.DispatcherServlet: Completed initialization in 1 ms
2025-01-17 13:06:16 [INFO ] [File Watcher] PathChangeChangedEventListener: Restarting due to 1 class path change (0 additions, 0 deletions, 1 modification)
2025-01-17 13:06:16 [INFO ] [Thread-5] tainerEntityManagerFactoryBean: Closing JPA EntityManagerFactory for persistence unit 'default'
2025-01-17 13:06:17 [INFO ] [restartedMain] epositoryConfigurationDelegate: Bootstrapping Spring Data JPA repositories in DEFAULT mode.
2025-01-17 13:06:17 [INFO ] [restartedMain] epositoryConfigurationDelegate: Finished Spring Data repository scanning in 4 ms. Found 4 JPA repository interfaces.
2025-01-17 13:06:17 [INFO ] [restartedMain] mbedded.tomcat.TomcatWebServer: Tomcat initialized with port 8080 (http)
2025-01-17 13:06:17 [INFO ] [restartedMain] letWebServerApplicationContext: Root WebApplicationContext: initialization completed in 165 ms
2025-01-17 13:06:17 [INFO ] [restartedMain] unit.SpringPersistenceUnitInfo: No LoadTimeWeaver setup: ignoring JPA class transformer
2025-01-17 13:06:17 [INFO ] [restartedMain] tainerEntityManagerFactoryBean: Initialized JPA EntityManagerFactory for persistence unit 'default'
2025-01-17 13:06:17 [INFO ] [restartedMain] oint.web.EndpointLinksResolver: Exposing 7 endpoints beneath base path '/actuator'
2025-01-17 13:06:17 [INFO ] [restartedMain] igure.OptionalLiveReloadServer: LiveReload server is running on port 35729
2025-01-17 13:06:17 [INFO ] [restartedMain] mbedded.tomcat.TomcatWebServer: Tomcat started on port 8080 (http) with context path '/'
2025-01-17 13:06:17 [INFO ] [restartedMain] EvaluationDeltaLoggingListener: Condition evaluation unchanged
2025-01-17 13:06:25 [INFO ] [http-nio-8080-exec-1] .web.servlet.DispatcherServlet: Initializing Servlet 'dispatcherServlet'
2025-01-17 13:06:25 [INFO ] [http-nio-8080-exec-1] .web.servlet.DispatcherServlet: Completed initialization in 2 ms
2025-01-17 13:07:43 [INFO ] [File Watcher] PathChangeChangedEventListener: Restarting due to 1 class path change (0 additions, 0 deletions, 1 modification)
2025-01-17 13:07:43 [INFO ] [Thread-7] tainerEntityManagerFactoryBean: Closing JPA EntityManagerFactory for persistence unit 'default'
2025-01-17 13:07:43 [INFO ] [restartedMain] epositoryConfigurationDelegate: Bootstrapping Spring Data JPA repositories in DEFAULT mode.
2025-01-17 13:07:43 [INFO ] [restartedMain] epositoryConfigurationDelegate: Finished Spring Data repository scanning in 5 ms. Found 4 JPA repository interfaces.
2025-01-17 13:07:43 [INFO ] [restartedMain] mbedded.tomcat.TomcatWebServer: Tomcat initialized with port 8080 (http)
2025-01-17 13:07:43 [INFO ] [restartedMain] letWebServerApplicationContext: Root WebApplicationContext: initialization completed in 177 ms
2025-01-17 13:07:43 [INFO ] [restartedMain] unit.SpringPersistenceUnitInfo: No LoadTimeWeaver setup: ignoring JPA class transformer
2025-01-17 13:07:43 [INFO ] [restartedMain] tainerEntityManagerFactoryBean: Initialized JPA EntityManagerFactory for persistence unit 'default'
2025-01-17 13:07:43 [INFO ] [restartedMain] oint.web.EndpointLinksResolver: Exposing 7 endpoints beneath base path '/actuator'
2025-01-17 13:07:43 [INFO ] [restartedMain] igure.OptionalLiveReloadServer: LiveReload server is running on port 35729
2025-01-17 13:07:43 [INFO ] [restartedMain] mbedded.tomcat.TomcatWebServer: Tomcat started on port 8080 (http) with context path '/'
2025-01-17 13:07:43 [INFO ] [restartedMain] EvaluationDeltaLoggingListener: Condition evaluation unchanged
2025-01-17 13:08:49 [INFO ] [http-nio-8080-exec-1] .web.servlet.DispatcherServlet: Initializing Servlet 'dispatcherServlet'
2025-01-17 13:08:49 [INFO ] [http-nio-8080-exec-1] .web.servlet.DispatcherServlet: Completed initialization in 3 ms
2025-01-17 13:08:49 [INFO ] [File Watcher] PathChangeChangedEventListener: Restarting due to 1 class path change (0 additions, 0 deletions, 1 modification)
2025-01-17 13:08:50 [WARN ] [http-nio-8080-exec-4] efaultHandlerExceptionResolver: Resolved [org.springframework.web.context.request.async.AsyncRequestNotUsableException: ServletOutputStream failed to write: java.nio.channels.ClosedChannelException]
2025-01-17 13:08:50 [INFO ] [Thread-11] tainerEntityManagerFactoryBean: Closing JPA EntityManagerFactory for persistence unit 'default'
2025-01-17 13:08:50 [INFO ] [restartedMain] epositoryConfigurationDelegate: Bootstrapping Spring Data JPA repositories in DEFAULT mode.
2025-01-17 13:08:50 [INFO ] [restartedMain] epositoryConfigurationDelegate: Finished Spring Data repository scanning in 4 ms. Found 4 JPA repository interfaces.
2025-01-17 13:08:50 [INFO ] [restartedMain] mbedded.tomcat.TomcatWebServer: Tomcat initialized with port 8080 (http)
2025-01-17 13:08:50 [INFO ] [restartedMain] letWebServerApplicationContext: Root WebApplicationContext: initialization completed in 148 ms
2025-01-17 13:08:50 [INFO ] [restartedMain] unit.SpringPersistenceUnitInfo: No LoadTimeWeaver setup: ignoring JPA class transformer
2025-01-17 13:08:50 [INFO ] [restartedMain] tainerEntityManagerFactoryBean: Initialized JPA EntityManagerFactory for persistence unit 'default'
2025-01-17 13:08:50 [INFO ] [restartedMain] oint.web.EndpointLinksResolver: Exposing 7 endpoints beneath base path '/actuator'
2025-01-17 13:08:50 [INFO ] [restartedMain] igure.OptionalLiveReloadServer: LiveReload server is running on port 35729
2025-01-17 13:08:50 [INFO ] [restartedMain] mbedded.tomcat.TomcatWebServer: Tomcat started on port 8080 (http) with context path '/'
2025-01-17 13:08:50 [INFO ] [restartedMain] EvaluationDeltaLoggingListener: Condition evaluation unchanged
2025-01-17 13:08:51 [INFO ] [http-nio-8080-exec-1] .web.servlet.DispatcherServlet: Initializing Servlet 'dispatcherServlet'
2025-01-17 13:08:51 [INFO ] [http-nio-8080-exec-1] .web.servlet.DispatcherServlet: Completed initialization in 3 ms
2025-01-17 13:10:17 [INFO ] [File Watcher] PathChangeChangedEventListener: Restarting due to 1 class path change (0 additions, 0 deletions, 1 modification)
2025-01-17 13:10:17 [INFO ] [Thread-15] tainerEntityManagerFactoryBean: Closing JPA EntityManagerFactory for persistence unit 'default'
2025-01-17 13:10:18 [INFO ] [restartedMain] epositoryConfigurationDelegate: Bootstrapping Spring Data JPA repositories in DEFAULT mode.
2025-01-17 13:10:18 [INFO ] [restartedMain] epositoryConfigurationDelegate: Finished Spring Data repository scanning in 4 ms. Found 4 JPA repository interfaces.
2025-01-17 13:10:18 [INFO ] [restartedMain] mbedded.tomcat.TomcatWebServer: Tomcat initialized with port 8080 (http)
2025-01-17 13:10:18 [INFO ] [restartedMain] letWebServerApplicationContext: Root WebApplicationContext: initialization completed in 146 ms
2025-01-17 13:10:18 [INFO ] [restartedMain] unit.SpringPersistenceUnitInfo: No LoadTimeWeaver setup: ignoring JPA class transformer
2025-01-17 13:10:18 [INFO ] [restartedMain] tainerEntityManagerFactoryBean: Initialized JPA EntityManagerFactory for persistence unit 'default'
2025-01-17 13:10:18 [INFO ] [restartedMain] oint.web.EndpointLinksResolver: Exposing 7 endpoints beneath base path '/actuator'
2025-01-17 13:10:18 [INFO ] [restartedMain] igure.OptionalLiveReloadServer: LiveReload server is running on port 35729
2025-01-17 13:10:18 [INFO ] [restartedMain] mbedded.tomcat.TomcatWebServer: Tomcat started on port 8080 (http) with context path '/'
2025-01-17 13:10:18 [INFO ] [restartedMain] EvaluationDeltaLoggingListener: Condition evaluation unchanged
2025-01-17 13:13:09 [INFO ] [File Watcher] PathChangeChangedEventListener: Restarting due to 1 class path change (0 additions, 0 deletions, 1 modification)
2025-01-17 13:13:09 [INFO ] [Thread-19] tainerEntityManagerFactoryBean: Closing JPA EntityManagerFactory for persistence unit 'default'
2025-01-17 13:13:09 [INFO ] [restartedMain] epositoryConfigurationDelegate: Bootstrapping Spring Data JPA repositories in DEFAULT mode.
2025-01-17 13:13:09 [INFO ] [restartedMain] epositoryConfigurationDelegate: Finished Spring Data repository scanning in 3 ms. Found 4 JPA repository interfaces.
2025-01-17 13:13:09 [INFO ] [restartedMain] mbedded.tomcat.TomcatWebServer: Tomcat initialized with port 8080 (http)
2025-01-17 13:13:09 [INFO ] [restartedMain] letWebServerApplicationContext: Root WebApplicationContext: initialization completed in 139 ms
2025-01-17 13:13:09 [INFO ] [restartedMain] unit.SpringPersistenceUnitInfo: No LoadTimeWeaver setup: ignoring JPA class transformer
2025-01-17 13:13:09 [INFO ] [restartedMain] tainerEntityManagerFactoryBean: Initialized JPA EntityManagerFactory for persistence unit 'default'
2025-01-17 13:13:09 [INFO ] [restartedMain] oint.web.EndpointLinksResolver: Exposing 7 endpoints beneath base path '/actuator'
2025-01-17 13:13:09 [INFO ] [restartedMain] igure.OptionalLiveReloadServer: LiveReload server is running on port 35729
2025-01-17 13:13:09 [INFO ] [restartedMain] mbedded.tomcat.TomcatWebServer: Tomcat started on port 8080 (http) with context path '/'
2025-01-17 13:13:09 [INFO ] [restartedMain] EvaluationDeltaLoggingListener: Condition evaluation unchanged
2025-01-17 13:14:54 [INFO ] [File Watcher] PathChangeChangedEventListener: Restarting due to 1 class path change (0 additions, 0 deletions, 1 modification)
2025-01-17 13:14:54 [INFO ] [Thread-23] tainerEntityManagerFactoryBean: Closing JPA EntityManagerFactory for persistence unit 'default'
2025-01-17 13:14:55 [INFO ] [restartedMain] epositoryConfigurationDelegate: Bootstrapping Spring Data JPA repositories in DEFAULT mode.
2025-01-17 13:14:55 [INFO ] [restartedMain] epositoryConfigurationDelegate: Finished Spring Data repository scanning in 3 ms. Found 4 JPA repository interfaces.
2025-01-17 13:14:55 [INFO ] [restartedMain] mbedded.tomcat.TomcatWebServer: Tomcat initialized with port 8080 (http)
2025-01-17 13:14:55 [INFO ] [restartedMain] letWebServerApplicationContext: Root WebApplicationContext: initialization completed in 132 ms
2025-01-17 13:14:55 [INFO ] [restartedMain] unit.SpringPersistenceUnitInfo: No LoadTimeWeaver setup: ignoring JPA class transformer
2025-01-17 13:14:55 [INFO ] [restartedMain] tainerEntityManagerFactoryBean: Initialized JPA EntityManagerFactory for persistence unit 'default'
2025-01-17 13:14:55 [INFO ] [restartedMain] oint.web.EndpointLinksResolver: Exposing 7 endpoints beneath base path '/actuator'
2025-01-17 13:14:55 [INFO ] [restartedMain] igure.OptionalLiveReloadServer: LiveReload server is running on port 35729
2025-01-17 13:14:55 [INFO ] [restartedMain] mbedded.tomcat.TomcatWebServer: Tomcat started on port 8080 (http) with context path '/'
2025-01-17 13:14:55 [INFO ] [restartedMain] EvaluationDeltaLoggingListener: Condition evaluation unchanged
2025-01-17 13:15:52 [INFO ] [File Watcher] PathChangeChangedEventListener: Restarting due to 1 class path change (0 additions, 0 deletions, 1 modification)
2025-01-17 13:15:52 [INFO ] [Thread-27] tainerEntityManagerFactoryBean: Closing JPA EntityManagerFactory for persistence unit 'default'
2025-01-17 13:15:52 [INFO ] [restartedMain] epositoryConfigurationDelegate: Bootstrapping Spring Data JPA repositories in DEFAULT mode.
2025-01-17 13:15:52 [INFO ] [restartedMain] epositoryConfigurationDelegate: Finished Spring Data repository scanning in 3 ms. Found 4 JPA repository interfaces.
2025-01-17 13:15:52 [INFO ] [restartedMain] mbedded.tomcat.TomcatWebServer: Tomcat initialized with port 8080 (http)
2025-01-17 13:15:52 [INFO ] [restartedMain] letWebServerApplicationContext: Root WebApplicationContext: initialization completed in 129 ms
2025-01-17 13:15:52 [INFO ] [restartedMain] unit.SpringPersistenceUnitInfo: No LoadTimeWeaver setup: ignoring JPA class transformer
2025-01-17 13:15:52 [INFO ] [restartedMain] tainerEntityManagerFactoryBean: Initialized JPA EntityManagerFactory for persistence unit 'default'
2025-01-17 13:15:52 [INFO ] [restartedMain] oint.web.EndpointLinksResolver: Exposing 7 endpoints beneath base path '/actuator'
2025-01-17 13:15:52 [INFO ] [restartedMain] igure.OptionalLiveReloadServer: LiveReload server is running on port 35729
2025-01-17 13:15:52 [INFO ] [restartedMain] mbedded.tomcat.TomcatWebServer: Tomcat started on port 8080 (http) with context path '/'
2025-01-17 13:15:52 [INFO ] [restartedMain] EvaluationDeltaLoggingListener: Condition evaluation unchanged
2025-01-17 13:18:58 [INFO ] [File Watcher] PathChangeChangedEventListener: Restarting due to 1 class path change (0 additions, 0 deletions, 1 modification)
2025-01-17 13:18:58 [INFO ] [Thread-31] tainerEntityManagerFactoryBean: Closing JPA EntityManagerFactory for persistence unit 'default'
2025-01-17 13:18:58 [INFO ] [restartedMain] epositoryConfigurationDelegate: Bootstrapping Spring Data JPA repositories in DEFAULT mode.
2025-01-17 13:18:58 [INFO ] [restartedMain] epositoryConfigurationDelegate: Finished Spring Data repository scanning in 2 ms. Found 4 JPA repository interfaces.
2025-01-17 13:18:58 [INFO ] [restartedMain] mbedded.tomcat.TomcatWebServer: Tomcat initialized with port 8080 (http)
2025-01-17 13:18:58 [INFO ] [restartedMain] letWebServerApplicationContext: Root WebApplicationContext: initialization completed in 126 ms
2025-01-17 13:18:58 [INFO ] [restartedMain] unit.SpringPersistenceUnitInfo: No LoadTimeWeaver setup: ignoring JPA class transformer
2025-01-17 13:18:58 [INFO ] [restartedMain] tainerEntityManagerFactoryBean: Initialized JPA EntityManagerFactory for persistence unit 'default'
2025-01-17 13:18:58 [INFO ] [restartedMain] oint.web.EndpointLinksResolver: Exposing 7 endpoints beneath base path '/actuator'
2025-01-17 13:18:58 [INFO ] [restartedMain] igure.OptionalLiveReloadServer: LiveReload server is running on port 35729
2025-01-17 13:18:59 [INFO ] [restartedMain] mbedded.tomcat.TomcatWebServer: Tomcat started on port 8080 (http) with context path '/'
2025-01-17 13:18:59 [INFO ] [restartedMain] EvaluationDeltaLoggingListener: Condition evaluation unchanged
2025-01-17 13:18:59 [INFO ] [http-nio-8080-exec-1] .web.servlet.DispatcherServlet: Initializing Servlet 'dispatcherServlet'
2025-01-17 13:18:59 [INFO ] [http-nio-8080-exec-1] .web.servlet.DispatcherServlet: Completed initialization in 2 ms
2025-01-17 13:22:10 [INFO ] [File Watcher] PathChangeChangedEventListener: Restarting due to 1 class path change (0 additions, 0 deletions, 1 modification)
2025-01-17 13:22:10 [INFO ] [Thread-35] tainerEntityManagerFactoryBean: Closing JPA EntityManagerFactory for persistence unit 'default'
2025-01-17 13:22:10 [INFO ] [restartedMain] epositoryConfigurationDelegate: Bootstrapping Spring Data JPA repositories in DEFAULT mode.
2025-01-17 13:22:10 [INFO ] [restartedMain] epositoryConfigurationDelegate: Finished Spring Data repository scanning in 3 ms. Found 4 JPA repository interfaces.
2025-01-17 13:22:10 [INFO ] [restartedMain] mbedded.tomcat.TomcatWebServer: Tomcat initialized with port 8080 (http)
2025-01-17 13:22:10 [INFO ] [restartedMain] letWebServerApplicationContext: Root WebApplicationContext: initialization completed in 137 ms
2025-01-17 13:22:10 [INFO ] [restartedMain] unit.SpringPersistenceUnitInfo: No LoadTimeWeaver setup: ignoring JPA class transformer
2025-01-17 13:22:10 [INFO ] [restartedMain] tainerEntityManagerFactoryBean: Initialized JPA EntityManagerFactory for persistence unit 'default'
2025-01-17 13:22:10 [INFO ] [restartedMain] oint.web.EndpointLinksResolver: Exposing 7 endpoints beneath base path '/actuator'
2025-01-17 13:22:10 [INFO ] [restartedMain] igure.OptionalLiveReloadServer: LiveReload server is running on port 35729
2025-01-17 13:22:10 [INFO ] [restartedMain] mbedded.tomcat.TomcatWebServer: Tomcat started on port 8080 (http) with context path '/'
2025-01-17 13:22:10 [INFO ] [restartedMain] EvaluationDeltaLoggingListener: Condition evaluation unchanged
2025-01-17 13:23:43 [INFO ] [http-nio-8080-exec-1] .web.servlet.DispatcherServlet: Initializing Servlet 'dispatcherServlet'
2025-01-17 13:23:43 [INFO ] [http-nio-8080-exec-1] .web.servlet.DispatcherServlet: Completed initialization in 2 ms
2025-01-17 13:23:43 [INFO ] [File Watcher] PathChangeChangedEventListener: Restarting due to 1 class path change (0 additions, 0 deletions, 1 modification)
2025-01-17 13:23:43 [WARN ] [http-nio-8080-exec-4] efaultHandlerExceptionResolver: Resolved [org.springframework.web.context.request.async.AsyncRequestNotUsableException: ServletOutputStream failed to write: java.nio.channels.ClosedChannelException]
2025-01-17 13:23:43 [INFO ] [Thread-39] tainerEntityManagerFactoryBean: Closing JPA EntityManagerFactory for persistence unit 'default'
2025-01-17 13:23:43 [INFO ] [restartedMain] epositoryConfigurationDelegate: Bootstrapping Spring Data JPA repositories in DEFAULT mode.
2025-01-17 13:23:43 [INFO ] [restartedMain] epositoryConfigurationDelegate: Finished Spring Data repository scanning in 3 ms. Found 4 JPA repository interfaces.
2025-01-17 13:23:43 [INFO ] [restartedMain] mbedded.tomcat.TomcatWebServer: Tomcat initialized with port 8080 (http)
2025-01-17 13:23:43 [INFO ] [restartedMain] letWebServerApplicationContext: Root WebApplicationContext: initialization completed in 141 ms
2025-01-17 13:23:43 [INFO ] [restartedMain] unit.SpringPersistenceUnitInfo: No LoadTimeWeaver setup: ignoring JPA class transformer
2025-01-17 13:23:43 [INFO ] [restartedMain] tainerEntityManagerFactoryBean: Initialized JPA EntityManagerFactory for persistence unit 'default'
2025-01-17 13:23:43 [INFO ] [restartedMain] oint.web.EndpointLinksResolver: Exposing 7 endpoints beneath base path '/actuator'
2025-01-17 13:23:43 [INFO ] [restartedMain] igure.OptionalLiveReloadServer: LiveReload server is running on port 35729
2025-01-17 13:23:43 [INFO ] [restartedMain] mbedded.tomcat.TomcatWebServer: Tomcat started on port 8080 (http) with context path '/'
2025-01-17 13:23:43 [INFO ] [restartedMain] EvaluationDeltaLoggingListener: Condition evaluation unchanged
2025-01-17 13:23:44 [INFO ] [http-nio-8080-exec-1] .web.servlet.DispatcherServlet: Initializing Servlet 'dispatcherServlet'
2025-01-17 13:23:44 [INFO ] [http-nio-8080-exec-1] .web.servlet.DispatcherServlet: Completed initialization in 3 ms
2025-01-17 13:26:49 [INFO ] [File Watcher] PathChangeChangedEventListener: Restarting due to 1 class path change (0 additions, 0 deletions, 1 modification)
2025-01-17 13:26:49 [INFO ] [Thread-43] tainerEntityManagerFactoryBean: Closing JPA EntityManagerFactory for persistence unit 'default'
2025-01-17 13:26:49 [INFO ] [restartedMain] epositoryConfigurationDelegate: Bootstrapping Spring Data JPA repositories in DEFAULT mode.
2025-01-17 13:26:49 [INFO ] [restartedMain] epositoryConfigurationDelegate: Finished Spring Data repository scanning in 2 ms. Found 4 JPA repository interfaces.
2025-01-17 13:26:49 [INFO ] [restartedMain] mbedded.tomcat.TomcatWebServer: Tomcat initialized with port 8080 (http)
2025-01-17 13:26:49 [INFO ] [restartedMain] letWebServerApplicationContext: Root WebApplicationContext: initialization completed in 122 ms
2025-01-17 13:26:49 [INFO ] [restartedMain] unit.SpringPersistenceUnitInfo: No LoadTimeWeaver setup: ignoring JPA class transformer
2025-01-17 13:26:49 [INFO ] [restartedMain] tainerEntityManagerFactoryBean: Initialized JPA EntityManagerFactory for persistence unit 'default'
2025-01-17 13:26:49 [INFO ] [restartedMain] oint.web.EndpointLinksResolver: Exposing 7 endpoints beneath base path '/actuator'
2025-01-17 13:26:50 [INFO ] [restartedMain] igure.OptionalLiveReloadServer: LiveReload server is running on port 35729
2025-01-17 13:26:50 [INFO ] [restartedMain] mbedded.tomcat.TomcatWebServer: Tomcat started on port 8080 (http) with context path '/'
2025-01-17 13:26:50 [INFO ] [restartedMain] EvaluationDeltaLoggingListener: Condition evaluation unchanged
2025-01-17 13:28:01 [INFO ] [File Watcher] PathChangeChangedEventListener: Restarting due to 1 class path change (0 additions, 0 deletions, 1 modification)
2025-01-17 13:28:01 [INFO ] [Thread-47] tainerEntityManagerFactoryBean: Closing JPA EntityManagerFactory for persistence unit 'default'
2025-01-17 13:28:01 [INFO ] [restartedMain] epositoryConfigurationDelegate: Bootstrapping Spring Data JPA repositories in DEFAULT mode.
2025-01-17 13:28:01 [INFO ] [restartedMain] epositoryConfigurationDelegate: Finished Spring Data repository scanning in 3 ms. Found 4 JPA repository interfaces.
2025-01-17 13:28:01 [INFO ] [restartedMain] mbedded.tomcat.TomcatWebServer: Tomcat initialized with port 8080 (http)
2025-01-17 13:28:01 [INFO ] [restartedMain] letWebServerApplicationContext: Root WebApplicationContext: initialization completed in 128 ms
2025-01-17 13:28:01 [INFO ] [restartedMain] unit.SpringPersistenceUnitInfo: No LoadTimeWeaver setup: ignoring JPA class transformer
2025-01-17 13:28:01 [INFO ] [restartedMain] tainerEntityManagerFactoryBean: Initialized JPA EntityManagerFactory for persistence unit 'default'
2025-01-17 13:28:02 [INFO ] [restartedMain] oint.web.EndpointLinksResolver: Exposing 7 endpoints beneath base path '/actuator'
2025-01-17 13:28:02 [INFO ] [restartedMain] igure.OptionalLiveReloadServer: LiveReload server is running on port 35729
2025-01-17 13:28:02 [INFO ] [restartedMain] mbedded.tomcat.TomcatWebServer: Tomcat started on port 8080 (http) with context path '/'
2025-01-17 13:28:02 [INFO ] [restartedMain] EvaluationDeltaLoggingListener: Condition evaluation unchanged
2025-01-17 13:28:33 [INFO ] [File Watcher] PathChangeChangedEventListener: Restarting due to 1 class path change (0 additions, 0 deletions, 1 modification)
2025-01-17 13:28:33 [INFO ] [Thread-51] tainerEntityManagerFactoryBean: Closing JPA EntityManagerFactory for persistence unit 'default'
2025-01-17 13:28:33 [INFO ] [restartedMain] epositoryConfigurationDelegate: Bootstrapping Spring Data JPA repositories in DEFAULT mode.
2025-01-17 13:28:33 [INFO ] [restartedMain] epositoryConfigurationDelegate: Finished Spring Data repository scanning in 2 ms. Found 4 JPA repository interfaces.
2025-01-17 13:28:33 [INFO ] [restartedMain] mbedded.tomcat.TomcatWebServer: Tomcat initialized with port 8080 (http)
2025-01-17 13:28:33 [INFO ] [restartedMain] letWebServerApplicationContext: Root WebApplicationContext: initialization completed in 138 ms
2025-01-17 13:28:33 [INFO ] [restartedMain] unit.SpringPersistenceUnitInfo: No LoadTimeWeaver setup: ignoring JPA class transformer
2025-01-17 13:28:33 [INFO ] [restartedMain] tainerEntityManagerFactoryBean: Initialized JPA EntityManagerFactory for persistence unit 'default'
2025-01-17 13:28:33 [INFO ] [restartedMain] oint.web.EndpointLinksResolver: Exposing 7 endpoints beneath base path '/actuator'
2025-01-17 13:28:33 [INFO ] [restartedMain] igure.OptionalLiveReloadServer: LiveReload server is running on port 35729
2025-01-17 13:28:33 [INFO ] [restartedMain] mbedded.tomcat.TomcatWebServer: Tomcat started on port 8080 (http) with context path '/'
2025-01-17 13:28:33 [INFO ] [restartedMain] EvaluationDeltaLoggingListener: Condition evaluation unchanged
2025-01-17 13:30:17 [INFO ] [File Watcher] PathChangeChangedEventListener: Restarting due to 1 class path change (0 additions, 0 deletions, 1 modification)
2025-01-17 13:30:17 [INFO ] [Thread-55] tainerEntityManagerFactoryBean: Closing JPA EntityManagerFactory for persistence unit 'default'
2025-01-17 13:30:17 [INFO ] [restartedMain] epositoryConfigurationDelegate: Bootstrapping Spring Data JPA repositories in DEFAULT mode.
2025-01-17 13:30:17 [INFO ] [restartedMain] epositoryConfigurationDelegate: Finished Spring Data repository scanning in 4 ms. Found 4 JPA repository interfaces.
2025-01-17 13:30:17 [INFO ] [restartedMain] mbedded.tomcat.TomcatWebServer: Tomcat initialized with port 8080 (http)
2025-01-17 13:30:17 [INFO ] [restartedMain] letWebServerApplicationContext: Root WebApplicationContext: initialization completed in 138 ms
2025-01-17 13:30:17 [INFO ] [restartedMain] unit.SpringPersistenceUnitInfo: No LoadTimeWeaver setup: ignoring JPA class transformer
2025-01-17 13:30:17 [INFO ] [restartedMain] tainerEntityManagerFactoryBean: Initialized JPA EntityManagerFactory for persistence unit 'default'
2025-01-17 13:30:17 [INFO ] [restartedMain] oint.web.EndpointLinksResolver: Exposing 7 endpoints beneath base path '/actuator'
2025-01-17 13:30:18 [INFO ] [restartedMain] igure.OptionalLiveReloadServer: LiveReload server is running on port 35729
2025-01-17 13:30:18 [INFO ] [restartedMain] mbedded.tomcat.TomcatWebServer: Tomcat started on port 8080 (http) with context path '/'
2025-01-17 13:30:18 [INFO ] [restartedMain] EvaluationDeltaLoggingListener: Condition evaluation unchanged
2025-01-17 13:31:03 [INFO ] [File Watcher] PathChangeChangedEventListener: Restarting due to 1 class path change (0 additions, 0 deletions, 1 modification)
2025-01-17 13:31:03 [INFO ] [Thread-59] tainerEntityManagerFactoryBean: Closing JPA EntityManagerFactory for persistence unit 'default'
2025-01-17 13:31:04 [INFO ] [restartedMain] epositoryConfigurationDelegate: Bootstrapping Spring Data JPA repositories in DEFAULT mode.
2025-01-17 13:31:04 [INFO ] [restartedMain] epositoryConfigurationDelegate: Finished Spring Data repository scanning in 2 ms. Found 4 JPA repository interfaces.
2025-01-17 13:31:04 [INFO ] [restartedMain] mbedded.tomcat.TomcatWebServer: Tomcat initialized with port 8080 (http)
2025-01-17 13:31:04 [INFO ] [restartedMain] letWebServerApplicationContext: Root WebApplicationContext: initialization completed in 123 ms
2025-01-17 13:31:04 [INFO ] [restartedMain] unit.SpringPersistenceUnitInfo: No LoadTimeWeaver setup: ignoring JPA class transformer
2025-01-17 13:31:04 [INFO ] [restartedMain] tainerEntityManagerFactoryBean: Initialized JPA EntityManagerFactory for persistence unit 'default'
2025-01-17 13:31:04 [INFO ] [restartedMain] oint.web.EndpointLinksResolver: Exposing 7 endpoints beneath base path '/actuator'
2025-01-17 13:31:04 [INFO ] [restartedMain] igure.OptionalLiveReloadServer: LiveReload server is running on port 35729
2025-01-17 13:31:04 [INFO ] [restartedMain] mbedded.tomcat.TomcatWebServer: Tomcat started on port 8080 (http) with context path '/'
2025-01-17 13:31:04 [INFO ] [restartedMain] EvaluationDeltaLoggingListener: Condition evaluation unchanged
2025-01-17 13:31:46 [INFO ] [File Watcher] PathChangeChangedEventListener: Restarting due to 1 class path change (0 additions, 0 deletions, 1 modification)
2025-01-17 13:31:46 [INFO ] [Thread-63] tainerEntityManagerFactoryBean: Closing JPA EntityManagerFactory for persistence unit 'default'
2025-01-17 13:31:46 [INFO ] [restartedMain] epositoryConfigurationDelegate: Bootstrapping Spring Data JPA repositories in DEFAULT mode.
2025-01-17 13:31:46 [INFO ] [restartedMain] epositoryConfigurationDelegate: Finished Spring Data repository scanning in 3 ms. Found 4 JPA repository interfaces.
2025-01-17 13:31:46 [INFO ] [restartedMain] mbedded.tomcat.TomcatWebServer: Tomcat initialized with port 8080 (http)
2025-01-17 13:31:46 [INFO ] [restartedMain] letWebServerApplicationContext: Root WebApplicationContext: initialization completed in 128 ms
2025-01-17 13:31:46 [INFO ] [restartedMain] unit.SpringPersistenceUnitInfo: No LoadTimeWeaver setup: ignoring JPA class transformer
2025-01-17 13:31:46 [INFO ] [restartedMain] tainerEntityManagerFactoryBean: Initialized JPA EntityManagerFactory for persistence unit 'default'
2025-01-17 13:31:46 [INFO ] [restartedMain] oint.web.EndpointLinksResolver: Exposing 7 endpoints beneath base path '/actuator'
2025-01-17 13:31:46 [INFO ] [restartedMain] igure.OptionalLiveReloadServer: LiveReload server is running on port 35729
2025-01-17 13:31:46 [INFO ] [restartedMain] mbedded.tomcat.TomcatWebServer: Tomcat started on port 8080 (http) with context path '/'
2025-01-17 13:31:46 [INFO ] [restartedMain] EvaluationDeltaLoggingListener: Condition evaluation unchanged
2025-01-17 13:32:04 [INFO ] [File Watcher] PathChangeChangedEventListener: Restarting due to 1 class path change (0 additions, 0 deletions, 1 modification)
2025-01-17 13:32:04 [INFO ] [Thread-67] tainerEntityManagerFactoryBean: Closing JPA EntityManagerFactory for persistence unit 'default'
2025-01-17 13:32:04 [INFO ] [restartedMain] epositoryConfigurationDelegate: Bootstrapping Spring Data JPA repositories in DEFAULT mode.
2025-01-17 13:32:04 [INFO ] [restartedMain] epositoryConfigurationDelegate: Finished Spring Data repository scanning in 2 ms. Found 4 JPA repository interfaces.
2025-01-17 13:32:04 [INFO ] [restartedMain] mbedded.tomcat.TomcatWebServer: Tomcat initialized with port 8080 (http)
2025-01-17 13:32:04 [INFO ] [restartedMain] letWebServerApplicationContext: Root WebApplicationContext: initialization completed in 126 ms
2025-01-17 13:32:04 [INFO ] [restartedMain] unit.SpringPersistenceUnitInfo: No LoadTimeWeaver setup: ignoring JPA class transformer
2025-01-17 13:32:04 [INFO ] [restartedMain] tainerEntityManagerFactoryBean: Initialized JPA EntityManagerFactory for persistence unit 'default'
2025-01-17 13:32:04 [INFO ] [restartedMain] oint.web.EndpointLinksResolver: Exposing 7 endpoints beneath base path '/actuator'
2025-01-17 13:32:04 [INFO ] [restartedMain] igure.OptionalLiveReloadServer: LiveReload server is running on port 35729
2025-01-17 13:32:04 [INFO ] [restartedMain] mbedded.tomcat.TomcatWebServer: Tomcat started on port 8080 (http) with context path '/'
2025-01-17 13:32:04 [INFO ] [restartedMain] EvaluationDeltaLoggingListener: Condition evaluation unchanged
2025-01-17 13:33:14 [INFO ] [File Watcher] PathChangeChangedEventListener: Restarting due to 1 class path change (0 additions, 0 deletions, 1 modification)
2025-01-17 13:33:14 [INFO ] [Thread-71] tainerEntityManagerFactoryBean: Closing JPA EntityManagerFactory for persistence unit 'default'
2025-01-17 13:33:14 [INFO ] [restartedMain] epositoryConfigurationDelegate: Bootstrapping Spring Data JPA repositories in DEFAULT mode.
2025-01-17 13:33:14 [INFO ] [restartedMain] epositoryConfigurationDelegate: Finished Spring Data repository scanning in 2 ms. Found 4 JPA repository interfaces.
2025-01-17 13:33:14 [INFO ] [restartedMain] mbedded.tomcat.TomcatWebServer: Tomcat initialized with port 8080 (http)
2025-01-17 13:33:14 [INFO ] [restartedMain] letWebServerApplicationContext: Root WebApplicationContext: initialization completed in 125 ms
2025-01-17 13:33:14 [INFO ] [restartedMain] unit.SpringPersistenceUnitInfo: No LoadTimeWeaver setup: ignoring JPA class transformer
2025-01-17 13:33:14 [INFO ] [restartedMain] tainerEntityManagerFactoryBean: Initialized JPA EntityManagerFactory for persistence unit 'default'
2025-01-17 13:33:14 [INFO ] [restartedMain] oint.web.EndpointLinksResolver: Exposing 7 endpoints beneath base path '/actuator'
2025-01-17 13:33:14 [INFO ] [restartedMain] igure.OptionalLiveReloadServer: LiveReload server is running on port 35729
2025-01-17 13:33:14 [INFO ] [restartedMain] mbedded.tomcat.TomcatWebServer: Tomcat started on port 8080 (http) with context path '/'
2025-01-17 13:33:14 [INFO ] [restartedMain] EvaluationDeltaLoggingListener: Condition evaluation unchanged
2025-01-17 13:34:52 [INFO ] [http-nio-8080-exec-1] .web.servlet.DispatcherServlet: Initializing Servlet 'dispatcherServlet'
2025-01-17 13:34:52 [INFO ] [http-nio-8080-exec-1] .web.servlet.DispatcherServlet: Completed initialization in 2 ms
2025-01-17 13:34:52 [INFO ] [File Watcher] PathChangeChangedEventListener: Restarting due to 1 class path change (0 additions, 0 deletions, 1 modification)
2025-01-17 13:34:52 [INFO ] [Thread-75] tainerEntityManagerFactoryBean: Closing JPA EntityManagerFactory for persistence unit 'default'
2025-01-17 13:34:52 [INFO ] [restartedMain] epositoryConfigurationDelegate: Bootstrapping Spring Data JPA repositories in DEFAULT mode.
2025-01-17 13:34:52 [INFO ] [restartedMain] epositoryConfigurationDelegate: Finished Spring Data repository scanning in 2 ms. Found 4 JPA repository interfaces.
2025-01-17 13:34:52 [INFO ] [restartedMain] mbedded.tomcat.TomcatWebServer: Tomcat initialized with port 8080 (http)
2025-01-17 13:34:52 [INFO ] [restartedMain] letWebServerApplicationContext: Root WebApplicationContext: initialization completed in 130 ms
2025-01-17 13:34:52 [INFO ] [restartedMain] unit.SpringPersistenceUnitInfo: No LoadTimeWeaver setup: ignoring JPA class transformer
2025-01-17 13:34:52 [INFO ] [restartedMain] tainerEntityManagerFactoryBean: Initialized JPA EntityManagerFactory for persistence unit 'default'
2025-01-17 13:34:52 [INFO ] [restartedMain] oint.web.EndpointLinksResolver: Exposing 7 endpoints beneath base path '/actuator'
2025-01-17 13:34:53 [INFO ] [restartedMain] igure.OptionalLiveReloadServer: LiveReload server is running on port 35729
2025-01-17 13:34:53 [INFO ] [restartedMain] mbedded.tomcat.TomcatWebServer: Tomcat started on port 8080 (http) with context path '/'
2025-01-17 13:34:53 [INFO ] [restartedMain] EvaluationDeltaLoggingListener: Condition evaluation unchanged
2025-01-17 13:35:25 [INFO ] [File Watcher] PathChangeChangedEventListener: Restarting due to 1 class path change (0 additions, 0 deletions, 1 modification)
2025-01-17 13:35:25 [INFO ] [Thread-79] tainerEntityManagerFactoryBean: Closing JPA EntityManagerFactory for persistence unit 'default'
2025-01-17 13:35:25 [INFO ] [restartedMain] epositoryConfigurationDelegate: Bootstrapping Spring Data JPA repositories in DEFAULT mode.
2025-01-17 13:35:25 [INFO ] [restartedMain] epositoryConfigurationDelegate: Finished Spring Data repository scanning in 2 ms. Found 4 JPA repository interfaces.
2025-01-17 13:35:25 [INFO ] [restartedMain] mbedded.tomcat.TomcatWebServer: Tomcat initialized with port 8080 (http)
2025-01-17 13:35:25 [INFO ] [restartedMain] letWebServerApplicationContext: Root WebApplicationContext: initialization completed in 125 ms
2025-01-17 13:35:26 [INFO ] [restartedMain] unit.SpringPersistenceUnitInfo: No LoadTimeWeaver setup: ignoring JPA class transformer
2025-01-17 13:35:26 [INFO ] [restartedMain] tainerEntityManagerFactoryBean: Initialized JPA EntityManagerFactory for persistence unit 'default'
2025-01-17 13:35:26 [INFO ] [restartedMain] oint.web.EndpointLinksResolver: Exposing 7 endpoints beneath base path '/actuator'
2025-01-17 13:35:26 [INFO ] [restartedMain] igure.OptionalLiveReloadServer: LiveReload server is running on port 35729
2025-01-17 13:35:26 [INFO ] [restartedMain] mbedded.tomcat.TomcatWebServer: Tomcat started on port 8080 (http) with context path '/'
2025-01-17 13:35:26 [INFO ] [restartedMain] EvaluationDeltaLoggingListener: Condition evaluation unchanged
2025-01-17 13:35:32 [INFO ] [http-nio-8080-exec-1] .web.servlet.DispatcherServlet: Initializing Servlet 'dispatcherServlet'
2025-01-17 13:35:32 [INFO ] [http-nio-8080-exec-1] .web.servlet.DispatcherServlet: Completed initialization in 3 ms
2025-01-17 13:36:00 [INFO ] [File Watcher] PathChangeChangedEventListener: Restarting due to 1 class path change (0 additions, 0 deletions, 1 modification)
2025-01-17 13:36:00 [INFO ] [Thread-83] tainerEntityManagerFactoryBean: Closing JPA EntityManagerFactory for persistence unit 'default'
2025-01-17 13:36:00 [INFO ] [restartedMain] epositoryConfigurationDelegate: Bootstrapping Spring Data JPA repositories in DEFAULT mode.
2025-01-17 13:36:00 [INFO ] [restartedMain] epositoryConfigurationDelegate: Finished Spring Data repository scanning in 2 ms. Found 4 JPA repository interfaces.
2025-01-17 13:36:00 [INFO ] [restartedMain] mbedded.tomcat.TomcatWebServer: Tomcat initialized with port 8080 (http)
2025-01-17 13:36:00 [INFO ] [restartedMain] letWebServerApplicationContext: Root WebApplicationContext: initialization completed in 140 ms
2025-01-17 13:36:00 [INFO ] [restartedMain] unit.SpringPersistenceUnitInfo: No LoadTimeWeaver setup: ignoring JPA class transformer
2025-01-17 13:36:00 [INFO ] [restartedMain] tainerEntityManagerFactoryBean: Initialized JPA EntityManagerFactory for persistence unit 'default'
2025-01-17 13:36:00 [INFO ] [restartedMain] oint.web.EndpointLinksResolver: Exposing 7 endpoints beneath base path '/actuator'
2025-01-17 13:36:00 [INFO ] [restartedMain] igure.OptionalLiveReloadServer: LiveReload server is running on port 35729
2025-01-17 13:36:00 [INFO ] [restartedMain] mbedded.tomcat.TomcatWebServer: Tomcat started on port 8080 (http) with context path '/'
2025-01-17 13:36:00 [INFO ] [restartedMain] EvaluationDeltaLoggingListener: Condition evaluation unchanged
2025-01-17 13:36:01 [INFO ] [http-nio-8080-exec-1] .web.servlet.DispatcherServlet: Initializing Servlet 'dispatcherServlet'
2025-01-17 13:36:01 [INFO ] [http-nio-8080-exec-1] .web.servlet.DispatcherServlet: Completed initialization in 3 ms
2025-01-17 13:36:25 [INFO ] [File Watcher] PathChangeChangedEventListener: Restarting due to 1 class path change (0 additions, 0 deletions, 1 modification)
2025-01-17 13:36:25 [INFO ] [Thread-87] tainerEntityManagerFactoryBean: Closing JPA EntityManagerFactory for persistence unit 'default'
2025-01-17 13:36:25 [INFO ] [restartedMain] epositoryConfigurationDelegate: Bootstrapping Spring Data JPA repositories in DEFAULT mode.
2025-01-17 13:36:25 [INFO ] [restartedMain] epositoryConfigurationDelegate: Finished Spring Data repository scanning in 3 ms. Found 4 JPA repository interfaces.
2025-01-17 13:36:25 [INFO ] [restartedMain] mbedded.tomcat.TomcatWebServer: Tomcat initialized with port 8080 (http)
2025-01-17 13:36:25 [INFO ] [restartedMain] letWebServerApplicationContext: Root WebApplicationContext: initialization completed in 131 ms
2025-01-17 13:36:25 [INFO ] [restartedMain] unit.SpringPersistenceUnitInfo: No LoadTimeWeaver setup: ignoring JPA class transformer
2025-01-17 13:36:25 [INFO ] [restartedMain] tainerEntityManagerFactoryBean: Initialized JPA EntityManagerFactory for persistence unit 'default'
2025-01-17 13:36:25 [INFO ] [restartedMain] oint.web.EndpointLinksResolver: Exposing 7 endpoints beneath base path '/actuator'
2025-01-17 13:36:25 [INFO ] [restartedMain] igure.OptionalLiveReloadServer: LiveReload server is running on port 35729
2025-01-17 13:36:25 [INFO ] [restartedMain] mbedded.tomcat.TomcatWebServer: Tomcat started on port 8080 (http) with context path '/'
2025-01-17 13:36:25 [INFO ] [restartedMain] EvaluationDeltaLoggingListener: Condition evaluation unchanged
2025-01-17 13:36:32 [INFO ] [http-nio-8080-exec-1] .web.servlet.DispatcherServlet: Initializing Servlet 'dispatcherServlet'
2025-01-17 13:36:32 [INFO ] [http-nio-8080-exec-1] .web.servlet.DispatcherServlet: Completed initialization in 3 ms
2025-01-17 13:37:35 [INFO ] [File Watcher] PathChangeChangedEventListener: Restarting due to 1 class path change (0 additions, 0 deletions, 1 modification)
2025-01-17 13:37:35 [INFO ] [Thread-91] tainerEntityManagerFactoryBean: Closing JPA EntityManagerFactory for persistence unit 'default'
2025-01-17 13:37:35 [INFO ] [restartedMain] epositoryConfigurationDelegate: Bootstrapping Spring Data JPA repositories in DEFAULT mode.
2025-01-17 13:37:35 [INFO ] [restartedMain] epositoryConfigurationDelegate: Finished Spring Data repository scanning in 3 ms. Found 4 JPA repository interfaces.
2025-01-17 13:37:35 [INFO ] [restartedMain] mbedded.tomcat.TomcatWebServer: Tomcat initialized with port 8080 (http)
2025-01-17 13:37:35 [INFO ] [restartedMain] letWebServerApplicationContext: Root WebApplicationContext: initialization completed in 133 ms
2025-01-17 13:37:35 [INFO ] [restartedMain] unit.SpringPersistenceUnitInfo: No LoadTimeWeaver setup: ignoring JPA class transformer
2025-01-17 13:37:35 [INFO ] [restartedMain] tainerEntityManagerFactoryBean: Initialized JPA EntityManagerFactory for persistence unit 'default'
2025-01-17 13:37:35 [INFO ] [restartedMain] oint.web.EndpointLinksResolver: Exposing 7 endpoints beneath base path '/actuator'
2025-01-17 13:37:35 [INFO ] [restartedMain] igure.OptionalLiveReloadServer: LiveReload server is running on port 35729
2025-01-17 13:37:35 [INFO ] [restartedMain] mbedded.tomcat.TomcatWebServer: Tomcat started on port 8080 (http) with context path '/'
2025-01-17 13:37:35 [INFO ] [restartedMain] EvaluationDeltaLoggingListener: Condition evaluation unchanged
2025-01-17 13:38:14 [INFO ] [http-nio-8080-exec-1] .web.servlet.DispatcherServlet: Initializing Servlet 'dispatcherServlet'
2025-01-17 13:38:14 [INFO ] [http-nio-8080-exec-1] .web.servlet.DispatcherServlet: Completed initialization in 3 ms
2025-01-17 13:43:19 [INFO ] [File Watcher] PathChangeChangedEventListener: Restarting due to 1 class path change (0 additions, 0 deletions, 1 modification)
2025-01-17 13:43:19 [INFO ] [Thread-95] tainerEntityManagerFactoryBean: Closing JPA EntityManagerFactory for persistence unit 'default'
2025-01-17 13:43:19 [INFO ] [restartedMain] epositoryConfigurationDelegate: Bootstrapping Spring Data JPA repositories in DEFAULT mode.
2025-01-17 13:43:19 [INFO ] [restartedMain] epositoryConfigurationDelegate: Finished Spring Data repository scanning in 3 ms. Found 4 JPA repository interfaces.
2025-01-17 13:43:19 [INFO ] [restartedMain] mbedded.tomcat.TomcatWebServer: Tomcat initialized with port 8080 (http)
2025-01-17 13:43:19 [INFO ] [restartedMain] letWebServerApplicationContext: Root WebApplicationContext: initialization completed in 132 ms
2025-01-17 13:43:19 [INFO ] [restartedMain] unit.SpringPersistenceUnitInfo: No LoadTimeWeaver setup: ignoring JPA class transformer
2025-01-17 13:43:19 [INFO ] [restartedMain] tainerEntityManagerFactoryBean: Initialized JPA EntityManagerFactory for persistence unit 'default'
2025-01-17 13:43:19 [INFO ] [restartedMain] oint.web.EndpointLinksResolver: Exposing 7 endpoints beneath base path '/actuator'
2025-01-17 13:43:19 [INFO ] [restartedMain] igure.OptionalLiveReloadServer: LiveReload server is running on port 35729
2025-01-17 13:43:19 [INFO ] [restartedMain] mbedded.tomcat.TomcatWebServer: Tomcat started on port 8080 (http) with context path '/'
2025-01-17 13:43:19 [INFO ] [restartedMain] EvaluationDeltaLoggingListener: Condition evaluation unchanged
2025-01-17 13:44:39 [INFO ] [File Watcher] PathChangeChangedEventListener: Restarting due to 1 class path change (0 additions, 0 deletions, 1 modification)
2025-01-17 13:44:39 [INFO ] [Thread-99] tainerEntityManagerFactoryBean: Closing JPA EntityManagerFactory for persistence unit 'default'
2025-01-17 13:44:39 [INFO ] [restartedMain] epositoryConfigurationDelegate: Bootstrapping Spring Data JPA repositories in DEFAULT mode.
2025-01-17 13:44:39 [INFO ] [restartedMain] epositoryConfigurationDelegate: Finished Spring Data repository scanning in 2 ms. Found 4 JPA repository interfaces.
2025-01-17 13:44:39 [INFO ] [restartedMain] mbedded.tomcat.TomcatWebServer: Tomcat initialized with port 8080 (http)
2025-01-17 13:44:39 [INFO ] [restartedMain] letWebServerApplicationContext: Root WebApplicationContext: initialization completed in 125 ms
2025-01-17 13:44:39 [INFO ] [restartedMain] unit.SpringPersistenceUnitInfo: No LoadTimeWeaver setup: ignoring JPA class transformer
2025-01-17 13:44:39 [INFO ] [restartedMain] tainerEntityManagerFactoryBean: Initialized JPA EntityManagerFactory for persistence unit 'default'
2025-01-17 13:44:39 [INFO ] [restartedMain] oint.web.EndpointLinksResolver: Exposing 7 endpoints beneath base path '/actuator'
2025-01-17 13:44:39 [INFO ] [restartedMain] igure.OptionalLiveReloadServer: LiveReload server is running on port 35729
2025-01-17 13:44:39 [INFO ] [restartedMain] mbedded.tomcat.TomcatWebServer: Tomcat started on port 8080 (http) with context path '/'
2025-01-17 13:44:39 [INFO ] [restartedMain] EvaluationDeltaLoggingListener: Condition evaluation unchanged
2025-01-17 13:48:16 [INFO ] [File Watcher] PathChangeChangedEventListener: Restarting due to 1 class path change (0 additions, 0 deletions, 1 modification)
2025-01-17 13:48:16 [INFO ] [Thread-103] tainerEntityManagerFactoryBean: Closing JPA EntityManagerFactory for persistence unit 'default'
2025-01-17 13:48:16 [INFO ] [restartedMain] epositoryConfigurationDelegate: Bootstrapping Spring Data JPA repositories in DEFAULT mode.
2025-01-17 13:48:16 [INFO ] [restartedMain] epositoryConfigurationDelegate: Finished Spring Data repository scanning in 2 ms. Found 4 JPA repository interfaces.
2025-01-17 13:48:16 [INFO ] [restartedMain] mbedded.tomcat.TomcatWebServer: Tomcat initialized with port 8080 (http)
2025-01-17 13:48:16 [INFO ] [restartedMain] letWebServerApplicationContext: Root WebApplicationContext: initialization completed in 125 ms
2025-01-17 13:48:16 [INFO ] [restartedMain] unit.SpringPersistenceUnitInfo: No LoadTimeWeaver setup: ignoring JPA class transformer
2025-01-17 13:48:16 [INFO ] [restartedMain] tainerEntityManagerFactoryBean: Initialized JPA EntityManagerFactory for persistence unit 'default'
2025-01-17 13:48:16 [INFO ] [restartedMain] oint.web.EndpointLinksResolver: Exposing 7 endpoints beneath base path '/actuator'
2025-01-17 13:48:17 [INFO ] [restartedMain] igure.OptionalLiveReloadServer: LiveReload server is running on port 35729
2025-01-17 13:48:17 [INFO ] [restartedMain] mbedded.tomcat.TomcatWebServer: Tomcat started on port 8080 (http) with context path '/'
2025-01-17 13:48:17 [INFO ] [restartedMain] EvaluationDeltaLoggingListener: Condition evaluation unchanged
2025-01-17 13:49:12 [INFO ] [File Watcher] PathChangeChangedEventListener: Restarting due to 1 class path change (0 additions, 0 deletions, 1 modification)
2025-01-17 13:49:12 [INFO ] [Thread-107] tainerEntityManagerFactoryBean: Closing JPA EntityManagerFactory for persistence unit 'default'
2025-01-17 13:49:12 [INFO ] [restartedMain] epositoryConfigurationDelegate: Bootstrapping Spring Data JPA repositories in DEFAULT mode.
2025-01-17 13:49:12 [INFO ] [restartedMain] epositoryConfigurationDelegate: Finished Spring Data repository scanning in 2 ms. Found 4 JPA repository interfaces.
2025-01-17 13:49:12 [INFO ] [restartedMain] mbedded.tomcat.TomcatWebServer: Tomcat initialized with port 8080 (http)
2025-01-17 13:49:12 [INFO ] [restartedMain] letWebServerApplicationContext: Root WebApplicationContext: initialization completed in 132 ms
2025-01-17 13:49:12 [INFO ] [restartedMain] unit.SpringPersistenceUnitInfo: No LoadTimeWeaver setup: ignoring JPA class transformer
2025-01-17 13:49:12 [INFO ] [restartedMain] tainerEntityManagerFactoryBean: Initialized JPA EntityManagerFactory for persistence unit 'default'
2025-01-17 13:49:12 [INFO ] [restartedMain] oint.web.EndpointLinksResolver: Exposing 7 endpoints beneath base path '/actuator'
2025-01-17 13:49:13 [INFO ] [restartedMain] igure.OptionalLiveReloadServer: LiveReload server is running on port 35729
2025-01-17 13:49:13 [INFO ] [restartedMain] mbedded.tomcat.TomcatWebServer: Tomcat started on port 8080 (http) with context path '/'
2025-01-17 13:49:13 [INFO ] [restartedMain] EvaluationDeltaLoggingListener: Condition evaluation unchanged
2025-01-17 13:49:58 [INFO ] [File Watcher] PathChangeChangedEventListener: Restarting due to 1 class path change (0 additions, 0 deletions, 1 modification)
2025-01-17 13:49:58 [INFO ] [Thread-111] tainerEntityManagerFactoryBean: Closing JPA EntityManagerFactory for persistence unit 'default'
2025-01-17 13:49:59 [INFO ] [restartedMain] epositoryConfigurationDelegate: Bootstrapping Spring Data JPA repositories in DEFAULT mode.
2025-01-17 13:49:59 [INFO ] [restartedMain] epositoryConfigurationDelegate: Finished Spring Data repository scanning in 2 ms. Found 4 JPA repository interfaces.
2025-01-17 13:49:59 [INFO ] [restartedMain] mbedded.tomcat.TomcatWebServer: Tomcat initialized with port 8080 (http)
2025-01-17 13:49:59 [INFO ] [restartedMain] letWebServerApplicationContext: Root WebApplicationContext: initialization completed in 124 ms
2025-01-17 13:49:59 [INFO ] [restartedMain] unit.SpringPersistenceUnitInfo: No LoadTimeWeaver setup: ignoring JPA class transformer
2025-01-17 13:49:59 [INFO ] [restartedMain] tainerEntityManagerFactoryBean: Initialized JPA EntityManagerFactory for persistence unit 'default'
2025-01-17 13:49:59 [INFO ] [restartedMain] oint.web.EndpointLinksResolver: Exposing 7 endpoints beneath base path '/actuator'
2025-01-17 13:49:59 [INFO ] [restartedMain] igure.OptionalLiveReloadServer: LiveReload server is running on port 35729
2025-01-17 13:49:59 [INFO ] [restartedMain] mbedded.tomcat.TomcatWebServer: Tomcat started on port 8080 (http) with context path '/'
2025-01-17 13:49:59 [INFO ] [restartedMain] EvaluationDeltaLoggingListener: Condition evaluation unchanged
2025-01-17 13:50:52 [INFO ] [File Watcher] PathChangeChangedEventListener: Restarting due to 1 class path change (0 additions, 0 deletions, 1 modification)
2025-01-17 13:50:52 [INFO ] [Thread-115] tainerEntityManagerFactoryBean: Closing JPA EntityManagerFactory for persistence unit 'default'
2025-01-17 13:50:53 [INFO ] [restartedMain] epositoryConfigurationDelegate: Bootstrapping Spring Data JPA repositories in DEFAULT mode.
2025-01-17 13:50:53 [INFO ] [restartedMain] epositoryConfigurationDelegate: Finished Spring Data repository scanning in 3 ms. Found 4 JPA repository interfaces.
2025-01-17 13:50:53 [INFO ] [restartedMain] mbedded.tomcat.TomcatWebServer: Tomcat initialized with port 8080 (http)
2025-01-17 13:50:53 [INFO ] [restartedMain] letWebServerApplicationContext: Root WebApplicationContext: initialization completed in 130 ms
2025-01-17 13:50:53 [INFO ] [restartedMain] unit.SpringPersistenceUnitInfo: No LoadTimeWeaver setup: ignoring JPA class transformer
2025-01-17 13:50:53 [INFO ] [restartedMain] tainerEntityManagerFactoryBean: Initialized JPA EntityManagerFactory for persistence unit 'default'
2025-01-17 13:50:53 [INFO ] [restartedMain] oint.web.EndpointLinksResolver: Exposing 7 endpoints beneath base path '/actuator'
2025-01-17 13:50:53 [INFO ] [restartedMain] igure.OptionalLiveReloadServer: LiveReload server is running on port 35729
2025-01-17 13:50:53 [INFO ] [restartedMain] mbedded.tomcat.TomcatWebServer: Tomcat started on port 8080 (http) with context path '/'
2025-01-17 13:50:53 [INFO ] [restartedMain] EvaluationDeltaLoggingListener: Condition evaluation unchanged
2025-01-17 13:51:16 [INFO ] [File Watcher] PathChangeChangedEventListener: Restarting due to 1 class path change (0 additions, 0 deletions, 1 modification)
2025-01-17 13:51:16 [INFO ] [Thread-119] tainerEntityManagerFactoryBean: Closing JPA EntityManagerFactory for persistence unit 'default'
2025-01-17 13:51:16 [INFO ] [restartedMain] epositoryConfigurationDelegate: Bootstrapping Spring Data JPA repositories in DEFAULT mode.
2025-01-17 13:51:16 [INFO ] [restartedMain] epositoryConfigurationDelegate: Finished Spring Data repository scanning in 2 ms. Found 4 JPA repository interfaces.
2025-01-17 13:51:16 [INFO ] [restartedMain] mbedded.tomcat.TomcatWebServer: Tomcat initialized with port 8080 (http)
2025-01-17 13:51:16 [INFO ] [restartedMain] letWebServerApplicationContext: Root WebApplicationContext: initialization completed in 126 ms
2025-01-17 13:51:16 [INFO ] [restartedMain] unit.SpringPersistenceUnitInfo: No LoadTimeWeaver setup: ignoring JPA class transformer
2025-01-17 13:51:16 [INFO ] [restartedMain] tainerEntityManagerFactoryBean: Initialized JPA EntityManagerFactory for persistence unit 'default'
2025-01-17 13:51:16 [INFO ] [restartedMain] oint.web.EndpointLinksResolver: Exposing 7 endpoints beneath base path '/actuator'
2025-01-17 13:51:16 [INFO ] [restartedMain] igure.OptionalLiveReloadServer: LiveReload server is running on port 35729
2025-01-17 13:51:16 [INFO ] [restartedMain] mbedded.tomcat.TomcatWebServer: Tomcat started on port 8080 (http) with context path '/'
2025-01-17 13:51:16 [INFO ] [restartedMain] EvaluationDeltaLoggingListener: Condition evaluation unchanged
2025-01-17 13:51:20 [INFO ] [http-nio-8080-exec-1] .web.servlet.DispatcherServlet: Initializing Servlet 'dispatcherServlet'
2025-01-17 13:51:20 [INFO ] [http-nio-8080-exec-1] .web.servlet.DispatcherServlet: Completed initialization in 2 ms
2025-01-17 13:53:41 [INFO ] [File Watcher] PathChangeChangedEventListener: Restarting due to 1 class path change (0 additions, 0 deletions, 1 modification)
2025-01-17 13:53:41 [INFO ] [Thread-123] tainerEntityManagerFactoryBean: Closing JPA EntityManagerFactory for persistence unit 'default'
2025-01-17 13:53:41 [INFO ] [restartedMain] epositoryConfigurationDelegate: Bootstrapping Spring Data JPA repositories in DEFAULT mode.
2025-01-17 13:53:41 [INFO ] [restartedMain] epositoryConfigurationDelegate: Finished Spring Data repository scanning in 2 ms. Found 4 JPA repository interfaces.
2025-01-17 13:53:41 [INFO ] [restartedMain] mbedded.tomcat.TomcatWebServer: Tomcat initialized with port 8080 (http)
2025-01-17 13:53:41 [INFO ] [restartedMain] letWebServerApplicationContext: Root WebApplicationContext: initialization completed in 125 ms
2025-01-17 13:53:41 [INFO ] [restartedMain] unit.SpringPersistenceUnitInfo: No LoadTimeWeaver setup: ignoring JPA class transformer
2025-01-17 13:53:41 [INFO ] [restartedMain] tainerEntityManagerFactoryBean: Initialized JPA EntityManagerFactory for persistence unit 'default'
2025-01-17 13:53:41 [INFO ] [restartedMain] oint.web.EndpointLinksResolver: Exposing 7 endpoints beneath base path '/actuator'
2025-01-17 13:53:41 [INFO ] [restartedMain] igure.OptionalLiveReloadServer: LiveReload server is running on port 35729
2025-01-17 13:53:41 [INFO ] [restartedMain] mbedded.tomcat.TomcatWebServer: Tomcat started on port 8080 (http) with context path '/'
2025-01-17 13:53:41 [INFO ] [restartedMain] EvaluationDeltaLoggingListener: Condition evaluation unchanged
2025-01-17 13:54:06 [INFO ] [http-nio-8080-exec-1] .web.servlet.DispatcherServlet: Initializing Servlet 'dispatcherServlet'
2025-01-17 13:54:06 [INFO ] [http-nio-8080-exec-1] .web.servlet.DispatcherServlet: Completed initialization in 1 ms
2025-01-17 13:54:07 [INFO ] [File Watcher] PathChangeChangedEventListener: Restarting due to 1 class path change (0 additions, 0 deletions, 1 modification)
2025-01-17 13:54:07 [INFO ] [Thread-127] tainerEntityManagerFactoryBean: Closing JPA EntityManagerFactory for persistence unit 'default'
2025-01-17 13:54:07 [INFO ] [restartedMain] epositoryConfigurationDelegate: Bootstrapping Spring Data JPA repositories in DEFAULT mode.
2025-01-17 13:54:07 [INFO ] [restartedMain] epositoryConfigurationDelegate: Finished Spring Data repository scanning in 3 ms. Found 4 JPA repository interfaces.
2025-01-17 13:54:07 [INFO ] [restartedMain] mbedded.tomcat.TomcatWebServer: Tomcat initialized with port 8080 (http)
2025-01-17 13:54:07 [INFO ] [restartedMain] letWebServerApplicationContext: Root WebApplicationContext: initialization completed in 124 ms
2025-01-17 13:54:07 [INFO ] [restartedMain] unit.SpringPersistenceUnitInfo: No LoadTimeWeaver setup: ignoring JPA class transformer
2025-01-17 13:54:07 [INFO ] [restartedMain] tainerEntityManagerFactoryBean: Initialized JPA EntityManagerFactory for persistence unit 'default'
2025-01-17 13:54:07 [INFO ] [restartedMain] oint.web.EndpointLinksResolver: Exposing 7 endpoints beneath base path '/actuator'
2025-01-17 13:54:07 [INFO ] [restartedMain] igure.OptionalLiveReloadServer: LiveReload server is running on port 35729
2025-01-17 13:54:07 [INFO ] [restartedMain] mbedded.tomcat.TomcatWebServer: Tomcat started on port 8080 (http) with context path '/'
2025-01-17 13:54:07 [INFO ] [restartedMain] EvaluationDeltaLoggingListener: Condition evaluation unchanged
2025-01-17 13:56:07 [INFO ] [SpringApplicationShutdownHook] tainerEntityManagerFactoryBean: Closing JPA EntityManagerFactory for persistence unit 'default'
